The system is: Windows - 10.0.19043 - AMD64
Compiling the C compiler identification source file "CMakeCCompilerId.c" succeeded.
Compiler: C:/Program Files/KuriboClang/bin/clang.exe 
Build flags: 
Id flags:  

The output was:
0


Compilation of the C compiler identification source "CMakeCCompilerId.c" produced "a.exe"

The C compiler identification is Clang, found in "C:/Users/Kyler-Josh/source/repos/BetterSunshineEngine/build/CMakeFiles/3.19.4/CompilerIdC/a.exe"

Compiling the CXX compiler identification source file "CMakeCXXCompilerId.cpp" succeeded.
Compiler: C:/Program Files/KuriboClang/bin/clang++.exe 
Build flags: 
Id flags:  

The output was:
0


Compilation of the CXX compiler identification source "CMakeCXXCompilerId.cpp" produced "a.exe"

The CXX compiler identification is Clang, found in "C:/Users/Kyler-Josh/source/repos/BetterSunshineEngine/build/CMakeFiles/3.19.4/CompilerIdCXX/a.exe"

Detecting C compiler ABI info compiled with the following output:
Change Dir: C:/Users/Kyler-Josh/source/repos/BetterSunshineEngine/build/CMakeFiles/CMakeTmp

Run Build Command(s):C:/devkitPro/msys2/usr/bin/make.exe cmTC_d039f/fast && /opt/devkitpro/msys2/usr/bin/make  -f CMakeFiles/cmTC_d039f.dir/build.make CMakeFiles/cmTC_d039f.dir/build
make[1]: Entering directory '/home/Kyler-Josh/source/repos/BetterSunshineEngine/build/CMakeFiles/CMakeTmp'
Building C object CMakeFiles/cmTC_d039f.dir/CMakeCCompilerABI.c.obj
"C:/Program Files/KuriboClang/bin/clang.exe"   -g -Xclang -gcodeview -O0 -D_DEBUG -D_DLL -D_MT -Xclang --dependent-lib=msvcrtd -o CMakeFiles/cmTC_d039f.dir/CMakeCCompilerABI.c.obj -c "C:/Program Files/CMake/share/cmake-3.19/Modules/CMakeCCompilerABI.c"
Linking C executable cmTC_d039f.exe
"C:/Program Files/KuriboClang/bin/clang.exe" -fuse-ld=lld-link -nostartfiles -nostdlib -g -Xclang -gcodeview -O0 -D_DEBUG -D_DLL -D_MT -Xclang --dependent-lib=msvcrtd @CMakeFiles/cmTC_d039f.dir/objects1.rsp -o cmTC_d039f.exe -Xlinker /implib:cmTC_d039f.lib -Xlinker /pdb:C:/Users/Kyler-Josh/source/repos/BetterSunshineEngine/build/CMakeFiles/CMakeTmp/cmTC_d039f.pdb -Xlinker /version:0.0  
make[1]: Leaving directory '/home/Kyler-Josh/source/repos/BetterSunshineEngine/build/CMakeFiles/CMakeTmp'



Detecting CXX compiler ABI info compiled with the following output:
Change Dir: C:/Users/Kyler-Josh/source/repos/BetterSunshineEngine/build/CMakeFiles/CMakeTmp

Run Build Command(s):C:/devkitPro/msys2/usr/bin/make.exe cmTC_e019c/fast && /opt/devkitpro/msys2/usr/bin/make  -f CMakeFiles/cmTC_e019c.dir/build.make CMakeFiles/cmTC_e019c.dir/build
make[1]: Entering directory '/home/Kyler-Josh/source/repos/BetterSunshineEngine/build/CMakeFiles/CMakeTmp'
Building CXX object CMakeFiles/cmTC_e019c.dir/CMakeCXXCompilerABI.cpp.obj
"C:/Program Files/KuriboClang/bin/clang++.exe"   -g -Xclang -gcodeview -O0 -D_DEBUG -D_DLL -D_MT -Xclang --dependent-lib=msvcrtd -o CMakeFiles/cmTC_e019c.dir/CMakeCXXCompilerABI.cpp.obj -c "C:/Program Files/CMake/share/cmake-3.19/Modules/CMakeCXXCompilerABI.cpp"
Linking CXX executable cmTC_e019c.exe
"C:/Program Files/KuriboClang/bin/clang++.exe" -fuse-ld=lld-link -nostartfiles -nostdlib -g -Xclang -gcodeview -O0 -D_DEBUG -D_DLL -D_MT -Xclang --dependent-lib=msvcrtd @CMakeFiles/cmTC_e019c.dir/objects1.rsp -o cmTC_e019c.exe -Xlinker /implib:cmTC_e019c.lib -Xlinker /pdb:C:/Users/Kyler-Josh/source/repos/BetterSunshineEngine/build/CMakeFiles/CMakeTmp/cmTC_e019c.pdb -Xlinker /version:0.0  
make[1]: Leaving directory '/home/Kyler-Josh/source/repos/BetterSunshineEngine/build/CMakeFiles/CMakeTmp'





Detecting CXX [-std=c++14] compiler features compiled with the following output:
Change Dir: C:/Users/Kyler-Josh/source/repos/BetterSunshineEngine/build/CMakeFiles/CMakeTmp

Run Build Command(s):C:/devkitPro/msys2/usr/bin/make.exe cmTC_5a35f/fast && /opt/devkitpro/msys2/usr/bin/make  -f CMakeFiles/cmTC_5a35f.dir/build.make CMakeFiles/cmTC_5a35f.dir/build
make[1]: Entering directory '/home/Kyler-Josh/source/repos/BetterSunshineEngine/build/CMakeFiles/CMakeTmp'
Building CXX object CMakeFiles/cmTC_5a35f.dir/feature_tests.cxx.obj
"C:/Program Files/KuriboClang/bin/clang++.exe"   -g -Xclang -gcodeview -O0 -D_DEBUG -D_DLL -D_MT -Xclang --dependent-lib=msvcrtd   -std=c++14 -o CMakeFiles/cmTC_5a35f.dir/feature_tests.cxx.obj -c C:/Users/Kyler-Josh/source/repos/BetterSunshineEngine/build/CMakeFiles/feature_tests.cxx
Linking CXX executable cmTC_5a35f.exe
"C:/Program Files/KuriboClang/bin/clang++.exe" -fuse-ld=lld-link -nostartfiles -nostdlib -g -Xclang -gcodeview -O0 -D_DEBUG -D_DLL -D_MT -Xclang --dependent-lib=msvcrtd @CMakeFiles/cmTC_5a35f.dir/objects1.rsp -o cmTC_5a35f.exe -Xlinker /implib:cmTC_5a35f.lib -Xlinker /pdb:C:/Users/Kyler-Josh/source/repos/BetterSunshineEngine/build/CMakeFiles/CMakeTmp/cmTC_5a35f.pdb -Xlinker /version:0.0  @CMakeFiles/cmTC_5a35f.dir/linklibs.rsp
make[1]: Leaving directory '/home/Kyler-Josh/source/repos/BetterSunshineEngine/build/CMakeFiles/CMakeTmp'



    Feature record: CXX_FEATURE:1cxx_template_template_parameters
    Feature record: CXX_FEATURE:1cxx_alias_templates
    Feature record: CXX_FEATURE:1cxx_alignas
    Feature record: CXX_FEATURE:1cxx_alignof
    Feature record: CXX_FEATURE:1cxx_attributes
    Feature record: CXX_FEATURE:1cxx_auto_type
    Feature record: CXX_FEATURE:1cxx_constexpr
    Feature record: CXX_FEATURE:1cxx_decltype
    Feature record: CXX_FEATURE:1cxx_default_function_template_args
    Feature record: CXX_FEATURE:1cxx_defaulted_functions
    Feature record: CXX_FEATURE:1cxx_defaulted_move_initializers
    Feature record: CXX_FEATURE:1cxx_delegating_constructors
    Feature record: CXX_FEATURE:1cxx_deleted_functions
    Feature record: CXX_FEATURE:1cxx_enum_forward_declarations
    Feature record: CXX_FEATURE:1cxx_explicit_conversions
    Feature record: CXX_FEATURE:1cxx_extended_friend_declarations
    Feature record: CXX_FEATURE:1cxx_extern_templates
    Feature record: CXX_FEATURE:1cxx_final
    Feature record: CXX_FEATURE:1cxx_func_identifier
    Feature record: CXX_FEATURE:1cxx_generalized_initializers
    Feature record: CXX_FEATURE:1cxx_inheriting_constructors
    Feature record: CXX_FEATURE:1cxx_inline_namespaces
    Feature record: CXX_FEATURE:1cxx_lambdas
    Feature record: CXX_FEATURE:1cxx_local_type_template_args
    Feature record: CXX_FEATURE:1cxx_long_long_type
    Feature record: CXX_FEATURE:1cxx_noexcept
    Feature record: CXX_FEATURE:1cxx_nonstatic_member_init
    Feature record: CXX_FEATURE:1cxx_nullptr
    Feature record: CXX_FEATURE:1cxx_override
    Feature record: CXX_FEATURE:1cxx_range_for
    Feature record: CXX_FEATURE:1cxx_raw_string_literals
    Feature record: CXX_FEATURE:1cxx_reference_qualified_functions
    Feature record: CXX_FEATURE:1cxx_right_angle_brackets
    Feature record: CXX_FEATURE:1cxx_rvalue_references
    Feature record: CXX_FEATURE:1cxx_sizeof_member
    Feature record: CXX_FEATURE:1cxx_static_assert
    Feature record: CXX_FEATURE:1cxx_strong_enums
    Feature record: CXX_FEATURE:1cxx_thread_local
    Feature record: CXX_FEATURE:1cxx_trailing_return_types
    Feature record: CXX_FEATURE:1cxx_unicode_literals
    Feature record: CXX_FEATURE:1cxx_uniform_initialization
    Feature record: CXX_FEATURE:1cxx_unrestricted_unions
    Feature record: CXX_FEATURE:1cxx_user_literals
    Feature record: CXX_FEATURE:1cxx_variadic_macros
    Feature record: CXX_FEATURE:1cxx_variadic_templates
    Feature record: CXX_FEATURE:1cxx_aggregate_default_initializers
    Feature record: CXX_FEATURE:1cxx_attribute_deprecated
    Feature record: CXX_FEATURE:1cxx_binary_literals
    Feature record: CXX_FEATURE:1cxx_contextual_conversions
    Feature record: CXX_FEATURE:1cxx_decltype_auto
    Feature record: CXX_FEATURE:1cxx_digit_separators
    Feature record: CXX_FEATURE:1cxx_generic_lambdas
    Feature record: CXX_FEATURE:1cxx_lambda_init_captures
    Feature record: CXX_FEATURE:1cxx_relaxed_constexpr
    Feature record: CXX_FEATURE:1cxx_return_type_deduction
    Feature record: CXX_FEATURE:1cxx_variable_templates


Detecting CXX [-std=c++14] compiler features compiled with the following output:
Change Dir: C:/Users/Kyler-Josh/source/repos/BetterSunshineEngine/build/CMakeFiles/CMakeTmp

Run Build Command(s):C:/devkitPro/msys2/usr/bin/make.exe cmTC_5ec6f/fast && /opt/devkitpro/msys2/usr/bin/make  -f CMakeFiles/cmTC_5ec6f.dir/build.make CMakeFiles/cmTC_5ec6f.dir/build
make[1]: Entering directory '/home/Kyler-Josh/source/repos/BetterSunshineEngine/build/CMakeFiles/CMakeTmp'
Building CXX object CMakeFiles/cmTC_5ec6f.dir/feature_tests.cxx.obj
"C:/Program Files/KuriboClang/bin/clang++.exe"   -g -Xclang -gcodeview -O0 -D_DEBUG -D_DLL -D_MT -Xclang --dependent-lib=msvcrtd   -std=c++14 -o CMakeFiles/cmTC_5ec6f.dir/feature_tests.cxx.obj -c C:/Users/Kyler-Josh/source/repos/BetterSunshineEngine/build/CMakeFiles/feature_tests.cxx
Linking CXX executable cmTC_5ec6f.exe
"C:/Program Files/KuriboClang/bin/clang++.exe" -fuse-ld=lld-link -nostartfiles -nostdlib -g -Xclang -gcodeview -O0 -D_DEBUG -D_DLL -D_MT -Xclang --dependent-lib=msvcrtd @CMakeFiles/cmTC_5ec6f.dir/objects1.rsp -o cmTC_5ec6f.exe -Xlinker /implib:cmTC_5ec6f.lib -Xlinker /pdb:C:/Users/Kyler-Josh/source/repos/BetterSunshineEngine/build/CMakeFiles/CMakeTmp/cmTC_5ec6f.pdb -Xlinker /version:0.0  @CMakeFiles/cmTC_5ec6f.dir/linklibs.rsp
make[1]: Leaving directory '/home/Kyler-Josh/source/repos/BetterSunshineEngine/build/CMakeFiles/CMakeTmp'



    Feature record: CXX_FEATURE:1cxx_template_template_parameters
    Feature record: CXX_FEATURE:1cxx_alias_templates
    Feature record: CXX_FEATURE:1cxx_alignas
    Feature record: CXX_FEATURE:1cxx_alignof
    Feature record: CXX_FEATURE:1cxx_attributes
    Feature record: CXX_FEATURE:1cxx_auto_type
    Feature record: CXX_FEATURE:1cxx_constexpr
    Feature record: CXX_FEATURE:1cxx_decltype
    Feature record: CXX_FEATURE:1cxx_default_function_template_args
    Feature record: CXX_FEATURE:1cxx_defaulted_functions
    Feature record: CXX_FEATURE:1cxx_defaulted_move_initializers
    Feature record: CXX_FEATURE:1cxx_delegating_constructors
    Feature record: CXX_FEATURE:1cxx_deleted_functions
    Feature record: CXX_FEATURE:1cxx_enum_forward_declarations
    Feature record: CXX_FEATURE:1cxx_explicit_conversions
    Feature record: CXX_FEATURE:1cxx_extended_friend_declarations
    Feature record: CXX_FEATURE:1cxx_extern_templates
    Feature record: CXX_FEATURE:1cxx_final
    Feature record: CXX_FEATURE:1cxx_func_identifier
    Feature record: CXX_FEATURE:1cxx_generalized_initializers
    Feature record: CXX_FEATURE:1cxx_inheriting_constructors
    Feature record: CXX_FEATURE:1cxx_inline_namespaces
    Feature record: CXX_FEATURE:1cxx_lambdas
    Feature record: CXX_FEATURE:1cxx_local_type_template_args
    Feature record: CXX_FEATURE:1cxx_long_long_type
    Feature record: CXX_FEATURE:1cxx_noexcept
    Feature record: CXX_FEATURE:1cxx_nonstatic_member_init
    Feature record: CXX_FEATURE:1cxx_nullptr
    Feature record: CXX_FEATURE:1cxx_override
    Feature record: CXX_FEATURE:1cxx_range_for
    Feature record: CXX_FEATURE:1cxx_raw_string_literals
    Feature record: CXX_FEATURE:1cxx_reference_qualified_functions
    Feature record: CXX_FEATURE:1cxx_right_angle_brackets
    Feature record: CXX_FEATURE:1cxx_rvalue_references
    Feature record: CXX_FEATURE:1cxx_sizeof_member
    Feature record: CXX_FEATURE:1cxx_static_assert
    Feature record: CXX_FEATURE:1cxx_strong_enums
    Feature record: CXX_FEATURE:1cxx_thread_local
    Feature record: CXX_FEATURE:1cxx_trailing_return_types
    Feature record: CXX_FEATURE:1cxx_unicode_literals
    Feature record: CXX_FEATURE:1cxx_uniform_initialization
    Feature record: CXX_FEATURE:1cxx_unrestricted_unions
    Feature record: CXX_FEATURE:1cxx_user_literals
    Feature record: CXX_FEATURE:1cxx_variadic_macros
    Feature record: CXX_FEATURE:1cxx_variadic_templates
    Feature record: CXX_FEATURE:1cxx_aggregate_default_initializers
    Feature record: CXX_FEATURE:1cxx_attribute_deprecated
    Feature record: CXX_FEATURE:1cxx_binary_literals
    Feature record: CXX_FEATURE:1cxx_contextual_conversions
    Feature record: CXX_FEATURE:1cxx_decltype_auto
    Feature record: CXX_FEATURE:1cxx_digit_separators
    Feature record: CXX_FEATURE:1cxx_generic_lambdas
    Feature record: CXX_FEATURE:1cxx_lambda_init_captures
    Feature record: CXX_FEATURE:1cxx_relaxed_constexpr
    Feature record: CXX_FEATURE:1cxx_return_type_deduction
    Feature record: CXX_FEATURE:1cxx_variable_templates
