make.exe all --print-data-base --no-builtin-variables --no-builtin-rules --question
make: *** No rule to make target 'all'.  Stop.

# GNU Make 4.3
# Built for x86_64-pc-msys
# Copyright (C) 1988-2020 Free Software Foundation, Inc.
# License GPLv3+: GNU GPL version 3 or later <http://gnu.org/licenses/gpl.html>
# This is free software: you are free to change and redistribute it.
# There is NO WARRANTY, to the extent permitted by law.

# Make data base, printed on Wed Jul 20 12:06:42 2022

# Variables

# environment
SYSTEMDRIVE = C:
# environment
JAVA_HOME = C:\Program Files\Java\jdk-16.0.1
# environment
LC_ALL = C
# environment
CMAKE_PREFIX_PATH = C:\Users\Kyler-Josh\source\repos\llvm-project
# environment
USERPROFILE = C:\Users\Kyler-Josh
# environment
VBOX_MSI_INSTALL_PATH = C:\Program Files\Oracle\VirtualBox\
# environment
LOCALAPPDATA = C:\Users\Kyler-Josh\AppData\Local
# environment
VSCODE_CWD = C:\Users\Kyler & Josh\AppData\Local\Programs\Microsoft VS Code
# environment
CHOCOLATEYINSTALL = C:\ProgramData\chocolatey
# environment
SYSTEMROOT = C:\Windows
# environment
PROCESSOR_LEVEL = 23
# environment
PSMODULEPATH = C:\Program Files\WindowsPowerShell\Modules;C:\Windows\system32\WindowsPowerShell\v1.0\Modules
# default
MAKE_COMMAND := make
# automatic
@D = $(patsubst %/,%,$(dir $@))
# environment
CHROME_CRASHPAD_PIPE_NAME = \\.\pipe\crashpad_28720_HTOBDHBUTLJDPNIV
# environment
VSCODE_HANDLES_UNCAUGHT_ERRORS = true
# default
.VARIABLES := 
# automatic
%D = $(patsubst %/,%,$(dir $%))
# automatic
^D = $(patsubst %/,%,$(dir $^))
# automatic
%F = $(notdir $%)
# environment
VSCODE_CODE_CACHE_PATH = C:\Users\Kyler-Josh\AppData\Roaming\Code\CachedData\3b889b090b5ad5793f524b5d1d39fda662b96a2a
# environment
LANG = C
# default
.LOADED := 
# environment
TMP = /home/KYLER-~1/AppData/Local/Temp
# default
.INCLUDE_DIRS = /usr/include /usr/include
# makefile
MAKEFLAGS = pqrR
# environment
ONEDRIVE = C:\Users\Kyler-Josh\OneDrive
# environment
DEVKITARM = /opt/devkitpro/devkitARM
# makefile
CURDIR := /home/Kyler-Josh/source/repos/BetterSunshineEngine
# environment
APPLICATION_INSIGHTS_NO_DIAGNOSTIC_CHANNEL = 1
# automatic
*D = $(patsubst %/,%,$(dir $*))
# environment
PROGRAMFILES = C:\Program Files
# environment
MFLAGS = -pqrR
# default
.SHELLFLAGS := -c
# environment
!C: = c:\Users\Kyler-Josh\source\repos\BetterSunshineEngine
# environment
COMMONPROGRAMW6432 = C:\Program Files\Common Files
# automatic
+D = $(patsubst %/,%,$(dir $+))
# makefile
MAKEFILE_LIST := 
# automatic
@F = $(notdir $@)
# environment
VSCODE_PID = 28720
# automatic
?D = $(patsubst %/,%,$(dir $?))
# environment
DEVKITPPC = /opt/devkitpro/devkitPPC
# automatic
*F = $(notdir $*)
# automatic
<D = $(patsubst %/,%,$(dir $<))
# environment
VSCODE_NLS_CONFIG = {"locale":"en-us","availableLanguages":{},"_languagePackSupport":true}
# environment
ONEDRIVECONSUMER = C:\Users\Kyler-Josh\OneDrive
# default
MAKE_HOST := x86_64-pc-msys
# environment
PROGRAMDATA = C:\ProgramData
# default
SHELL := /bin/sh
# environment
HOMEPATH = \Users\Kyler-Josh
# default
MAKECMDGOALS := all
# environment
DRIVERDATA = C:\Windows\System32\Drivers\DriverData
# environment
COMSPEC = C:\Windows\system32\cmd.exe
# environment
WINDIR = C:\Windows
# environment
MAKELEVEL := 0
# default
MAKE = $(MAKE_COMMAND)
# environment
PATH = /c/Program Files/Common Files/Oracle/Java/javapath:/opt/devkitpro/msys2/usr/bin:/c/Program Files (x86)/Common Files/Oracle/Java/javapath:/c/Windows/system32:/c/Windows:/c/Windows/System32/Wbem:/c/Windows/System32/WindowsPowerShell/v1.0:/c/Windows/System32/OpenSSH:/c/Program Files/NVIDIA Corporation/NVIDIA NvDLISR:/c/Program Files (x86)/NVIDIA Corporation/PhysX/Common:/c/Program Files (x86)/Wiimm/SZS:/c/Program Files (x86)/Wiimm/WIT:/c/Program Files/nodejs:/c/ProgramData/chocolatey/bin:/c/cygwin64/bin:/c/Program Files (x86)/Windows Kits/10/Windows Performance Toolkit:/c/Program Files/pyiiasmh-4.1.5:/c/Program Files/GeckoLoader-7.1.0:/c/MinGW/bin:/home/Kyler-Josh/.cargo/bin:/c/Program Files/Microsoft SQL Server/130/Tools/Binn:/c/Program Files/Microsoft SQL Server/Client SDK/ODBC/170/Tools/Binn:/c/Program Files/dotnet:/home/Kyler-Josh/GetGnuWin32/gnuwin32/bin:/c/Program Files/Git/cmd:/c/Program Files/LLVM/bin:/home/Kyler-Josh/AppData/Local/Programs/Python/Python310/Scripts:/home/Kyler-Josh/AppData/Local/Programs/Python/Python310:/home/Kyler-Josh/.cargo/bin:/home/Kyler-Josh/AppData/Local/Programs/Python/Python38/Scripts:/home/Kyler-Josh/AppData/Local/Programs/Python/Python38:/home/Kyler-Josh/AppData/Local/Microsoft/WindowsApps:/home/Kyler-Josh/AppData/Local/Programs/Microsoft VS Code/bin:/home/Kyler-Josh/.dotnet/tools:/home/Kyler & Josh/AppData/Local/Programs/Microsoft VS Code/bin:/c/Program Files (x86)/Wiimm/SZS:/c/Program Files (x86)/Wiimm/WIT:/home/Kyler-Josh/source/repos/Eclipse-Tools:/home/Kyler-Josh/AppData/Roaming/npm:/c/cygwin64/bin:/home/Kyler-Josh/3D Objects/GC_WII_COMPILERS/GC/3.0a3:/home/Kyler-Josh/.cargo/bin:/home/Kyler-Josh/.dotnet/tools:/c/Program Files/CMake/bin:/home/Kyler-Josh/AppData/Local/GitHubDesktop/bin
# environment
COMPUTERNAME = KYLER-JOSH-PC
# default
MAKEFILES := 
# automatic
^F = $(notdir $^)
# environment
PROMPT = $P$G
# environment
CHOCOLATEYLASTPATHUPDATE = 132493601287305406
# environment
LOGONSERVER = \\KYLER-JOSH-PC
# environment
USERNAME = Kyler-Josh
# environment
QT_SCALE_FACTOR_ROUNDING_POLICY = RoundPreferFloor
# environment
COMMONPROGRAMFILES = C:\Program Files\Common Files
# automatic
?F = $(notdir $?)
# environment
PROGRAMW6432 = C:\Program Files
# environment
DEVKITPRO = /opt/devkitpro
# environment
PATHEXT = .COM;.EXE;.BAT;.CMD;.VBS;.VBE;.JS;.JSE;.WSF;.WSH;.MSC;.PY;.PYC;.PYW
# automatic
+F = $(notdir $+)
# environment
ORIGINAL_XDG_CURRENT_DESKTOP = undefined
# environment
USERDOMAIN = KYLER-JOSH-PC
# 'override' directive
GNUMAKEFLAGS := 
# environment
OS = Windows_NT
# environment
__COMPAT_LAYER = DetectorsAppHealth
# environment
LLVM_DIR = C:\Users\Kyler-Josh\source\repos\llvm-project\llvm\cmake\modules
# makefile
.DEFAULT_GOAL := 
# default
MAKE_VERSION := 4.3
# environment
PROGRAMFILES(X86) = C:\Program Files (x86)
# environment
USERDOMAIN_ROAMINGPROFILE = KYLER-JOSH-PC
# environment
NUMBER_OF_PROCESSORS = 12
# environment
PUBLIC = C:\Users\Public
# environment
APPDATA = C:\Users\Kyler-Josh\AppData\Roaming
# environment
HOMEDRIVE = C:
# environment
PROCESSOR_ARCHITECTURE = AMD64
# environment
VSCODE_AMD_ENTRYPOINT = vs/workbench/api/node/extensionHostProcess
# environment
HOME = /home/Kyler-Josh
# environment
COMMONPROGRAMFILES(X86) = C:\Program Files (x86)\Common Files
# environment
ELECTRON_RUN_AS_NODE = 1
# environment
TEMP = /home/KYLER-~1/AppData/Local/Temp
# environment
VSCODE_IPC_HOOK = \\.\pipe\c980af6fee1f0b22544b9086e6c16a17-1.69.2-main-sock
# environment
TERM = xterm-256color
# default
.RECIPEPREFIX := 
# automatic
<F = $(notdir $<)
# default
SUFFIXES := 
# environment
ALLUSERSPROFILE = C:\ProgramData
# environment
SESSIONNAME = Console
# default
.FEATURES := target-specific order-only second-expansion else-if shortest-stem undefine oneshell nocomment grouped-target extra-prereqs archives jobserver output-sync check-symlink load
# environment
PROCESSOR_REVISION = 7100
# environment
PROCESSOR_IDENTIFIER = AMD64 Family 23 Model 113 Stepping 0, AuthenticAMD
# variable set hash-table stats:
# Load=101/1024=10%, Rehash=0, Collisions=11/125=9%

# Pattern-specific Variable Values

# No pattern-specific variable values.

# Directories

# . (device 1511712119, inode 1125899908986092): 21 files, no impossibilities.

# 21 files, no impossibilities in 1 directories.

# Implicit Rules

# No implicit rules.

# Files

# Not a target:
Makefile:
#  Implicit rule search has been done.
#  File does not exist.
#  File has been updated.
#  Failed to be updated.

# Not a target:
.DEFAULT:
#  Implicit rule search has not been done.
#  Modification time never checked.
#  File has not been updated.

# Not a target:
all:
#  Command line target.
#  Implicit rule search has been done.
#  File does not exist.
#  File has not been updated.

# Not a target:
makefile:
#  Implicit rule search has been done.
#  File does not exist.
#  File has been updated.
#  Failed to be updated.

# Not a target:
GNUmakefile:
#  Implicit rule search has been done.
#  File does not exist.
#  File has been updated.
#  Failed to be updated.

# files hash-table stats:
# Load=6/1024=1%, Rehash=0, Collisions=0/15=0%
# VPATH Search Paths

# No 'vpath' search paths.

# No general ('VPATH' variable) search path.

# strcache buffers: 1 (0) / strings = 28 / storage = 269 B / avg = 9 B
# current buf: size = 8162 B / used = 269 B / count = 28 / avg = 9 B

# strcache performance: lookups = 31 / hit rate = 9%
# hash-table stats:
# Load=28/8192=0%, Rehash=0, Collisions=0/31=0%
# Finished Make data base on Wed Jul 20 12:06:42 2022

 
